Arguments: 
  /usr/local/bin/node /usr/local/Cellar/yarn/1.17.3/libexec/bin/yarn.js add load-runner --dev

PATH: 
  /opt/anaconda3/bin:/opt/anaconda3/condabin:/usr/local/bin:/Users/liuminghai/.nvm/versions/node/v11.0.0/bin:/usr/local/bin:/usr/bin:/bin:/usr/sbin:/sbin:/usr/local/share/dotnet:/opt/X11/bin:~/.dotnet/tools:/Library/Frameworks/Mono.framework/Versions/Current/Commands

Yarn version: 
  1.17.3

Node version: 
  12.13.0

Platform: 
  darwin x64

Trace: 
  Error: connect ECONNREFUSED 0.0.0.0:443
      at TCPConnectWrap.afterConnect [as oncomplete] (net.js:1128:14)

npm manifest: 
  {
    "name": "spritepng",
    "version": "1.0.0",
    "main": "index.js",
    "license": "MIT"
  }

yarn manifest: 
  No manifest

Lockfile: 
  No lockfile
